<?xml version="1.0" encoding="UTF-8"?>
<!-- Generated by org.testng.reporters.JUnitReportReporter -->
<testsuite hostname="HOME" failures="0" tests="1" name="teseCases.WorkersTestCases" time="17.105" errors="0" timestamp="2025-01-16T20:22:42 IST" skipped="0">
  <testcase classname="teseCases.WorkersTestCases" name="verifySelectedValueOfTitleDropDownFromCreateWorkerinWorkerMenu" time="17.105"/>
</testsuite> <!-- teseCases.WorkersTestCases -->
