<?xml version="1.0" encoding="UTF-8"?>
<!-- Generated by org.testng.reporters.JUnitReportReporter -->
<testsuite hostname="HOME" failures="0" tests="1" name="teseCases.ClientTestCase" time="6.770" errors="0" timestamp="2025-01-14T20:40:52 IST" skipped="0">
  <testcase classname="teseCases.ClientTestCase" name="verifyToolTipValueOfEditIconInTableOfClientMenu" time="6.770"/>
</testsuite> <!-- teseCases.ClientTestCase -->
