<?xml version="1.0" encoding="UTF-8"?>
<!-- Generated by org.testng.reporters.JUnitReportReporter -->
<testsuite hostname="HOME" failures="0" tests="3" name="TestNG.GroupingBasics" time="0.018" errors="0" timestamp="2025-01-06T20:45:25 IST" skipped="0">
  <testcase classname="TestNG.GroupingBasics" name="testCase2" time="0.013"/>
  <system-out/>
  <testcase classname="TestNG.GroupingBasics" name="testCase4" time="0.003"/>
  <system-out/>
  <testcase classname="TestNG.GroupingBasics" name="testCase3" time="0.002"/>
  <system-out/>
</testsuite> <!-- TestNG.GroupingBasics -->
