<?xml version="1.0" encoding="UTF-8"?>
<!-- Generated by org.testng.reporters.JUnitReportReporter -->
<testsuite hostname="HOME" failures="0" tests="2" name="basicselenium.AnnotationExample" time="24.226" errors="0" timestamp="2025-01-03T11:41:02 IST" skipped="0">
  <testcase classname="basicselenium.AnnotationExample" name="verifyLoginFeatureIsWorkingWithValidUser" time="10.537"/>
  <system-out/>
  <testcase classname="basicselenium.AnnotationExample" name="verifyTheTextOfClientPageSearchButton" time="13.689"/>
  <system-out/>
</testsuite> <!-- basicselenium.AnnotationExample -->
