<?xml version="1.0" encoding="UTF-8"?>
<!-- Generated by org.testng.reporters.JUnitReportReporter -->
<testsuite hostname="HOME" failures="0" tests="4" name="TestNG.BeforeTestAndAfterTest" time="0.013" errors="0" timestamp="2025-01-13T11:54:59 IST" skipped="0">
  <testcase classname="TestNG.BeforeTestAndAfterTest" name="testCase1" time="0.004"/>
  <system-out/>
  <testcase classname="TestNG.BeforeTestAndAfterTest" name="testCase2" time="0.002"/>
  <system-out/>
  <testcase classname="TestNG.BeforeTestAndAfterTest" name="testCase2" time="0.002"/>
  <system-out/>
  <testcase classname="TestNG.BeforeTestAndAfterTest" name="testCase1" time="0.005"/>
  <system-out/>
</testsuite> <!-- TestNG.BeforeTestAndAfterTest -->
