<?xml version="1.0" encoding="UTF-8"?>
<!-- Generated by org.testng.reporters.JUnitReportReporter -->
<testsuite hostname="HOME" failures="0" tests="5" name="TestNG.Priority" time="0.009" errors="0" timestamp="2025-01-03T20:13:06 IST" skipped="0">
  <testcase classname="TestNG.Priority" name="testCase5" time="0.001"/>
  <system-out/>
  <testcase classname="TestNG.Priority" name="testCase2" time="0.002"/>
  <system-out/>
  <testcase classname="TestNG.Priority" name="testCase1" time="0.002"/>
  <system-out/>
  <testcase classname="TestNG.Priority" name="testCase3" time="0.002"/>
  <system-out/>
  <testcase classname="TestNG.Priority" name="testCase4" time="0.002"/>
  <system-out/>
</testsuite> <!-- TestNG.Priority -->
