<?xml version="1.0" encoding="UTF-8"?>
<!-- Generated by org.testng.reporters.JUnitReportReporter -->
<testsuite hostname="HOME" failures="0" tests="1" name="testCases.WorkerPageTestCases" time="9.921" errors="0" timestamp="2025-01-13T11:51:57 IST" skipped="0">
  <testcase classname="testCases.WorkerPageTestCases" name="verifySelectedValueOfTitleDropDownFromCreateWorkerinWorkerMenu" time="9.921"/>
  <system-out/>
</testsuite> <!-- testCases.WorkerPageTestCases -->
