<?xml version="1.0" encoding="UTF-8"?>
<!-- Generated by org.testng.reporters.JUnitReportReporter -->
<testsuite hostname="HOME" failures="0" tests="2" name="TestNG.AllAnnotattionsSample" time="0.017" errors="0" timestamp="2025-01-13T12:08:11 IST" skipped="0">
  <testcase classname="TestNG.AllAnnotattionsSample" name="testCase1" time="0.015"/>
  <system-out/>
  <testcase classname="TestNG.AllAnnotattionsSample" name="testCase2" time="0.002"/>
  <system-out/>
</testsuite> <!-- TestNG.AllAnnotattionsSample -->
