<?xml version="1.0" encoding="UTF-8"?>
<!-- Generated by org.testng.reporters.JUnitReportReporter -->
<testsuite hostname="HOME" failures="0" tests="2" name="testCases.ClientTabTestCases" time="17.958" errors="0" timestamp="2025-01-13T11:27:42 IST" skipped="0">
  <testcase classname="testCases.ClientTabTestCases" name="verifySelectedValueInCheckBoxofCreateClientInClientMenu" time="10.385"/>
  <system-out/>
  <testcase classname="testCases.ClientTabTestCases" name="verifyToolTipValueOfEditIconInTableOfClientMenu" time="7.573"/>
  <system-out/>
</testsuite> <!-- testCases.ClientTabTestCases -->
