<?xml version="1.0" encoding="UTF-8"?>
<!-- Generated by org.testng.reporters.JUnitReportReporter -->
<testsuite hostname="HOME" failures="0" tests="3" name="TestNG.DataProviderSample" time="0.011" errors="0" timestamp="2025-01-08T19:52:43 IST" skipped="0">
  <testcase classname="TestNG.DataProviderSample" name="testCase1" time="0.000"/>
  <system-out/>
  <testcase classname="TestNG.DataProviderSample" name="testCase1" time="0.002"/>
  <system-out/>
  <testcase classname="TestNG.DataProviderSample" name="testCase1" time="0.009"/>
  <system-out/>
</testsuite> <!-- TestNG.DataProviderSample -->
