<?xml version="1.0" encoding="UTF-8"?>
<!-- Generated by org.testng.reporters.JUnitReportReporter -->
<testsuite hostname="HOME" failures="0" tests="1" name="TestNG.ParameterBasics" time="0.008" errors="0" timestamp="2025-01-03T20:44:20 IST" skipped="0">
  <testcase classname="TestNG.ParameterBasics" name="testCase1" time="0.008"/>
  <system-out/>
</testsuite> <!-- TestNG.ParameterBasics -->
