<?xml version="1.0" encoding="UTF-8"?>
<!-- Generated by org.testng.reporters.JUnitReportReporter -->
<testsuite hostname="HOME" failures="0" tests="4" name="TestNG.BeforeClassAndAfterClass" time="0.010" errors="0" timestamp="2025-01-08T20:01:31 IST" skipped="0">
  <testcase classname="TestNG.BeforeClassAndAfterClass" name="testCase3" time="0.001"/>
  <system-out/>
  <testcase classname="TestNG.BeforeClassAndAfterClass" name="testCase2" time="0.002"/>
  <system-out/>
  <testcase classname="TestNG.BeforeClassAndAfterClass" name="testCase4" time="0.002"/>
  <system-out/>
  <testcase classname="TestNG.BeforeClassAndAfterClass" name="testCase1" time="0.005"/>
  <system-out/>
</testsuite> <!-- TestNG.BeforeClassAndAfterClass -->
