<?xml version="1.0" encoding="UTF-8"?>
<!-- Generated by org.testng.reporters.JUnitReportReporter -->
<testsuite hostname="HOME" failures="0" tests="4" name="TestNG.SampleAnnotation" time="0.019" errors="0" timestamp="2024-12-30T20:00:15 IST" skipped="0">
  <testcase classname="TestNG.SampleAnnotation" name="testCase2" time="0.010"/>
  <system-out/>
  <testcase classname="TestNG.SampleAnnotation" name="testCase4" time="0.003"/>
  <system-out/>
  <testcase classname="TestNG.SampleAnnotation" name="testCase1" time="0.004"/>
  <system-out/>
  <testcase classname="TestNG.SampleAnnotation" name="testCase3" time="0.002"/>
  <system-out/>
</testsuite> <!-- TestNG.SampleAnnotation -->
