<?xml version="1.0" encoding="UTF-8"?>
<!-- Generated by org.testng.reporters.JUnitReportReporter -->
<testsuite hostname="HOME" failures="0" tests="1" name="TestNG.BeforeAndAfterSuite" time="0.005" errors="0" timestamp="2025-01-13T12:02:32 IST" skipped="0">
  <testcase classname="TestNG.BeforeAndAfterSuite" name="testCase1" time="0.005"/>
  <system-out/>
</testsuite> <!-- TestNG.BeforeAndAfterSuite -->
