<?xml version="1.0" encoding="UTF-8"?>
<!-- Generated by org.testng.reporters.JUnitReportReporter -->
<testsuite hostname="HOME" failures="0" tests="2" name="TestNG.SampleTestCases" time="0.010" errors="0" timestamp="2024-12-27T20:19:01 IST" skipped="0">
  <testcase classname="TestNG.SampleTestCases" name="testCase2" time="0.001"/>
  <system-out/>
  <testcase classname="TestNG.SampleTestCases" name="testCase1" time="0.009"/>
  <system-out/>
</testsuite> <!-- TestNG.SampleTestCases -->
